#
# There is insufficient memory for the Java Runtime Environment to continue.
# Native memory allocation (mmap) failed to map 40894464 bytes for G1 virtual space
# Possible reasons:
#   The system is out of physical RAM or swap space
#   The process is running with CompressedOops enabled, and the Java Heap may be blocking the growth of the native heap
# Possible solutions:
#   Reduce memory load on the system
#   Increase physical memory or swap space
#   Check if swap backing store is full
#   Decrease Java heap size (-Xmx/-Xms)
#   Decrease number of Java threads
#   Decrease Java thread stack sizes (-Xss)
#   Set larger code cache with -XX:ReservedCodeCacheSize=
#   JVM is running with Unscaled Compressed Oops mode in which the Java heap is
#     placed in the first 4GB address space. The Java Heap base address is the
#     maximum limit for the native heap growth. Please use -XX:HeapBaseMinAddress
#     to set the Java Heap base and to place the Java Heap above 4GB virtual address.
# This output file may be truncated or incomplete.
#
#  Out of Memory Error (os_windows.cpp:3771), pid=13332, tid=19996
#
# JRE version: OpenJDK Runtime Environment (17.0.7) (build 17.0.7+0-b2043.56-10550314)
# Java VM: OpenJDK 64-Bit Server VM (17.0.7+0-b2043.56-10550314, mixed mode, tiered, compressed oops, compressed class ptrs, g1 gc, windows-amd64)
# No core dump will be written. Minidumps are not enabled by default on client versions of Windows
#

---------------  S U M M A R Y ------------

Command Line: --add-opens=java.base/java.util=ALL-UNNAMED --add-opens=java.base/java.lang=ALL-UNNAMED --add-opens=java.base/java.lang.invoke=ALL-UNNAMED --add-opens=java.prefs/java.util.prefs=ALL-UNNAMED --add-opens=java.base/java.nio.charset=ALL-UNNAMED --add-opens=java.base/java.net=ALL-UNNAMED --add-opens=java.base/java.util.concurrent.atomic=ALL-UNNAMED -Xmx2048m -Dfile.encoding=UTF-8 -Duser.country=US -Duser.language=en -Duser.variant -javaagent:C:\Users\khush\.gradle\wrapper\dists\gradle-8.2-bin\bbg7u40eoinfdyxsxr3z4i7ta\gradle-8.2\lib\agents\gradle-instrumentation-agent-8.2.jar org.gradle.launcher.daemon.bootstrap.GradleDaemon 8.2

Host: 11th Gen Intel(R) Core(TM) i3-1115G4 @ 3.00GHz, 4 cores, 7G,  Windows 10 , 64 bit Build 19041 (10.0.19041.5438)
Time: Sun Feb 16 17:59:25 2025 India Standard Time elapsed time: 4.138550 seconds (0d 0h 0m 4s)

---------------  T H R E A D  ---------------

Current thread (0x000002402b185630):  VMThread "VM Thread" [stack: 0x0000009fc6900000,0x0000009fc6a00000] [id=19996]

Stack: [0x0000009fc6900000,0x0000009fc6a00000]
Native frames: (J=compiled Java code, j=interpreted, Vv=VM code, C=native code)
V  [jvm.dll+0x683bfa]
V  [jvm.dll+0x8430a4]
V  [jvm.dll+0x8449be]
V  [jvm.dll+0x845023]
V  [jvm.dll+0x24ad2f]
V  [jvm.dll+0x680ac9]
V  [jvm.dll+0x67519a]
V  [jvm.dll+0x30b3cb]
V  [jvm.dll+0x312876]
V  [jvm.dll+0x36221e]
V  [jvm.dll+0x36244f]
V  [jvm.dll+0x2e14a8]
V  [jvm.dll+0x2df684]
V  [jvm.dll+0x2dec8c]
V  [jvm.dll+0x32382b]
V  [jvm.dll+0x8496eb]
V  [jvm.dll+0x84a424]
V  [jvm.dll+0x84a93d]
V  [jvm.dll+0x84ad14]
V  [jvm.dll+0x84ade0]
V  [jvm.dll+0x7f2aea]
V  [jvm.dll+0x682a35]
C  [ucrtbase.dll+0x21bb2]
C  [KERNEL32.DLL+0x17374]
C  [ntdll.dll+0x4cc91]

VM_Operation (0x0000009fc80f5ce0): G1CollectForAllocation, mode: safepoint, requested by thread 0x000002403071f390


---------------  P R O C E S S  ---------------

Threads class SMR info:
_java_thread_list=0x0000024033639900, length=38, elements={
0x0000024011bba7c0, 0x000002402b189780, 0x000002402b18e250, 0x000002402b1b3be0,
0x000002402b1b64b0, 0x000002402b40c010, 0x000002402b40c8d0, 0x000002402b4189d0,
0x000002402b4192d0, 0x000002402b419bd0, 0x000002402b43b800, 0x000002402b670950,
0x000002402b749510, 0x00000240307223b0, 0x0000024030721070, 0x0000024030720ba0,
0x0000024030721540, 0x00000240307206d0, 0x0000024030721a10, 0x000002403071f390,
0x0000024030720200, 0x0000024030721ee0, 0x000002403071e9f0, 0x000002403071eec0,
0x000002403071f860, 0x000002403071fd30, 0x0000024032a1ea80, 0x0000024032a1d740,
0x0000024032a1a250, 0x0000024032a1d270, 0x0000024032a1ba60, 0x0000024032a1bf30,
0x0000024032a18a40, 0x0000024032a19d80, 0x0000024032a1c400, 0x0000024032a1f420,
0x0000024032a1c8d0, 0x0000024032a18570
}

Java Threads: ( => current thread )
  0x0000024011bba7c0 JavaThread "main" [_thread_blocked, id=2028, stack(0x0000009fc6300000,0x0000009fc6400000)]
  0x000002402b189780 JavaThread "Reference Handler" daemon [_thread_blocked, id=21548, stack(0x0000009fc6a00000,0x0000009fc6b00000)]
  0x000002402b18e250 JavaThread "Finalizer" daemon [_thread_blocked, id=10684, stack(0x0000009fc6b00000,0x0000009fc6c00000)]
  0x000002402b1b3be0 JavaThread "Signal Dispatcher" daemon [_thread_blocked, id=21080, stack(0x0000009fc6c00000,0x0000009fc6d00000)]
  0x000002402b1b64b0 JavaThread "Attach Listener" daemon [_thread_blocked, id=7232, stack(0x0000009fc6d00000,0x0000009fc6e00000)]
  0x000002402b40c010 JavaThread "Service Thread" daemon [_thread_blocked, id=8152, stack(0x0000009fc6e00000,0x0000009fc6f00000)]
  0x000002402b40c8d0 JavaThread "Monitor Deflation Thread" daemon [_thread_blocked, id=21796, stack(0x0000009fc6f00000,0x0000009fc7000000)]
  0x000002402b4189d0 JavaThread "C2 CompilerThread0" daemon [_thread_blocked, id=1544, stack(0x0000009fc7000000,0x0000009fc7100000)]
  0x000002402b4192d0 JavaThread "C1 CompilerThread0" daemon [_thread_blocked, id=13552, stack(0x0000009fc7100000,0x0000009fc7200000)]
  0x000002402b419bd0 JavaThread "Sweeper thread" daemon [_thread_blocked, id=17792, stack(0x0000009fc7200000,0x0000009fc7300000)]
  0x000002402b43b800 JavaThread "Common-Cleaner" daemon [_thread_blocked, id=18612, stack(0x0000009fc7300000,0x0000009fc7400000)]
  0x000002402b670950 JavaThread "Notification Thread" daemon [_thread_blocked, id=21732, stack(0x0000009fc7400000,0x0000009fc7500000)]
  0x000002402b749510 JavaThread "C2 CompilerThread1" daemon [_thread_blocked, id=7992, stack(0x0000009fc7600000,0x0000009fc7700000)]
  0x00000240307223b0 JavaThread "Daemon health stats" [_thread_blocked, id=21516, stack(0x0000009fc7a00000,0x0000009fc7b00000)]
  0x0000024030721070 JavaThread "Incoming local TCP Connector on port 50766" [_thread_in_native, id=15868, stack(0x0000009fc7b00000,0x0000009fc7c00000)]
  0x0000024030720ba0 JavaThread "Daemon periodic checks" [_thread_blocked, id=19324, stack(0x0000009fc7c00000,0x0000009fc7d00000)]
  0x0000024030721540 JavaThread "Daemon" [_thread_blocked, id=18472, stack(0x0000009fc7d00000,0x0000009fc7e00000)]
  0x00000240307206d0 JavaThread "Handler for socket connection from /127.0.0.1:50766 to /127.0.0.1:50767" [_thread_in_native, id=21856, stack(0x0000009fc7e00000,0x0000009fc7f00000)]
  0x0000024030721a10 JavaThread "Cancel handler" [_thread_blocked, id=3176, stack(0x0000009fc7f00000,0x0000009fc8000000)]
  0x000002403071f390 JavaThread "Daemon worker" [_thread_blocked, id=13732, stack(0x0000009fc8000000,0x0000009fc8100000)]
  0x0000024030720200 JavaThread "Asynchronous log dispatcher for DefaultDaemonConnection: socket connection from /127.0.0.1:50766 to /127.0.0.1:50767" [_thread_blocked, id=13832, stack(0x0000009fc8100000,0x0000009fc8200000)]
  0x0000024030721ee0 JavaThread "Stdin handler" [_thread_blocked, id=15292, stack(0x0000009fc8200000,0x0000009fc8300000)]
  0x000002403071e9f0 JavaThread "Daemon client event forwarder" [_thread_blocked, id=21692, stack(0x0000009fc8300000,0x0000009fc8400000)]
  0x000002403071eec0 JavaThread "Cache worker for journal cache (C:\Users\khush\.gradle\caches\journal-1)" [_thread_blocked, id=18080, stack(0x0000009fc8400000,0x0000009fc8500000)]
  0x000002403071f860 JavaThread "File lock request listener" [_thread_in_native, id=22064, stack(0x0000009fc8500000,0x0000009fc8600000)]
  0x000002403071fd30 JavaThread "Cache worker for file hash cache (C:\Users\khush\.gradle\caches\8.2\fileHashes)" [_thread_blocked, id=12736, stack(0x0000009fc8600000,0x0000009fc8700000)]
  0x0000024032a1ea80 JavaThread "File watcher server" daemon [_thread_in_native, id=3516, stack(0x0000009fc8700000,0x0000009fc8800000)]
  0x0000024032a1d740 JavaThread "File watcher consumer" daemon [_thread_blocked, id=14576, stack(0x0000009fc8800000,0x0000009fc8900000)]
  0x0000024032a1a250 JavaThread "jar transforms" [_thread_blocked, id=19092, stack(0x0000009fc8900000,0x0000009fc8a00000)]
  0x0000024032a1d270 JavaThread "jar transforms Thread 2" [_thread_blocked, id=15200, stack(0x0000009fc8a00000,0x0000009fc8b00000)]
  0x0000024032a1ba60 JavaThread "jar transforms Thread 3" [_thread_blocked, id=6784, stack(0x0000009fc8b00000,0x0000009fc8c00000)]
  0x0000024032a1bf30 JavaThread "jar transforms Thread 4" [_thread_blocked, id=10144, stack(0x0000009fc8c00000,0x0000009fc8d00000)]
  0x0000024032a18a40 JavaThread "Cache worker for checksums cache (C:\Users\khush\Desktop\Dhruv\Semester 5\ParentHood\BoardingScreen\.gradle\8.2\checksums)" [_thread_blocked, id=13492, stack(0x0000009fc8d00000,0x0000009fc8e00000)]
  0x0000024032a19d80 JavaThread "Cache worker for cache directory md-rule (C:\Users\khush\.gradle\caches\8.2\md-rule)" [_thread_blocked, id=19484, stack(0x0000009fc8e00000,0x0000009fc8f00000)]
  0x0000024032a1c400 JavaThread "Cache worker for file content cache (C:\Users\khush\.gradle\caches\8.2\fileContent)" [_thread_blocked, id=15224, stack(0x0000009fc8f00000,0x0000009fc9000000)]
  0x0000024032a1f420 JavaThread "Cache worker for file hash cache (C:\Users\khush\Desktop\Dhruv\Semester 5\ParentHood\BoardingScreen\.gradle\8.2\fileHashes)" [_thread_blocked, id=22456, stack(0x0000009fc9000000,0x0000009fc9100000)]
  0x0000024032a1c8d0 JavaThread "Cache worker for cache directory md-supplier (C:\Users\khush\.gradle\caches\8.2\md-supplier)" [_thread_blocked, id=12944, stack(0x0000009fc9100000,0x0000009fc9200000)]
  0x0000024032a18570 JavaThread "Cache worker for execution history cache (C:\Users\khush\.gradle\caches\8.2\executionHistory)" [_thread_blocked, id=2288, stack(0x0000009fc9200000,0x0000009fc9300000)]

Other Threads:
=>0x000002402b185630 VMThread "VM Thread" [stack: 0x0000009fc6900000,0x0000009fc6a00000] [id=19996]
  0x0000024011bbb680 WatcherThread [stack: 0x0000009fc7500000,0x0000009fc7600000] [id=8540]
  0x000002400fb9ecc0 GCTaskThread "GC Thread#0" [stack: 0x0000009fc6400000,0x0000009fc6500000] [id=9800]
  0x000002402bcc05e0 GCTaskThread "GC Thread#1" [stack: 0x0000009fc7700000,0x0000009fc7800000] [id=532]
  0x000002402bc151f0 GCTaskThread "GC Thread#2" [stack: 0x0000009fc7800000,0x0000009fc7900000] [id=14708]
  0x000002402bb356f0 GCTaskThread "GC Thread#3" [stack: 0x0000009fc7900000,0x0000009fc7a00000] [id=22212]
  0x0000024011c22460 ConcurrentGCThread "G1 Main Marker" [stack: 0x0000009fc6500000,0x0000009fc6600000] [id=21740]
  0x0000024011c22d80 ConcurrentGCThread "G1 Conc#0" [stack: 0x0000009fc6600000,0x0000009fc6700000] [id=13884]
  0x0000024011c7daf0 ConcurrentGCThread "G1 Refine#0" [stack: 0x0000009fc6700000,0x0000009fc6800000] [id=22028]
  0x0000024011c7e420 ConcurrentGCThread "G1 Service" [stack: 0x0000009fc6800000,0x0000009fc6900000] [id=16496]

Threads with active compile tasks:
C2 CompilerThread0     4156 3602       4       jdk.internal.jimage.ImageStringsReader::charsFromByteBufferLength (81 bytes)
C1 CompilerThread0     4156 3607   !   3       java.nio.file.FileTreeWalker::visit (204 bytes)
C2 CompilerThread1     4156 3595       4       java.lang.String::<init> (828 bytes)

VM state: at safepoint (normal execution)

VM Mutex/Monitor currently owned by a thread:  ([mutex/lock_event])
[0x0000024011bb4710] Threads_lock - owner thread: 0x000002402b185630
[0x0000024011bb5be0] Heap_lock - owner thread: 0x000002403071f390

Heap address: 0x0000000080000000, size: 2048 MB, Compressed Oops mode: 32-bit

CDS archive(s) not mapped
Compressed class space mapped at: 0x0000000100000000-0x0000000140000000, reserved size: 1073741824
Narrow klass base: 0x0000000000000000, Narrow klass shift: 3, Narrow klass range: 0x140000000

GC Precious Log:
 CPUs: 4 total, 4 available
 Memory: 7834M
 Large Page Support: Disabled
 NUMA Support: Disabled
 Compressed Oops: Enabled (32-bit)
 Heap Region Size: 1M
 Heap Min Capacity: 8M
 Heap Initial Capacity: 124M
 Heap Max Capacity: 2G
 Pre-touch: Disabled
 Parallel Workers: 4
 Concurrent Workers: 1
 Concurrent Refinement Workers: 4
 Periodic GC: Disabled

Heap:
 garbage-first heap   total 87040K, used 52113K [0x0000000080000000, 0x0000000100000000)
  region size 1024K, 3 young (3072K), 3 survivors (3072K)
 Metaspace       used 42416K, committed 42752K, reserved 1114112K
  class space    used 5694K, committed 5824K, reserved 1048576K

Heap Regions: E=young(eden), S=young(survivor), O=old, HS=humongous(starts), HC=humongous(continues), CS=collection set, F=free, OA=open archive, CA=closed archive, TAMS=top-at-mark-start (previous, next)
|   0|0x0000000080000000, 0x0000000080100000, 0x0000000080100000|100%| O|  |TAMS 0x0000000080100000, 0x0000000080100000| Untracked 
|   1|0x0000000080100000, 0x0000000080200000, 0x0000000080200000|100%| O|  |TAMS 0x0000000080200000, 0x0000000080200000| Untracked 
|   2|0x0000000080200000, 0x0000000080300000, 0x0000000080300000|100%|HS|  |TAMS 0x0000000080300000, 0x0000000080300000| Complete 
|   3|0x0000000080300000, 0x0000000080400000, 0x0000000080400000|100%|HC|  |TAMS 0x0000000080400000, 0x0000000080400000| Complete 
|   4|0x0000000080400000, 0x0000000080500000, 0x0000000080500000|100%|HC|  |TAMS 0x0000000080500000, 0x0000000080500000| Complete 
|   5|0x0000000080500000, 0x0000000080600000, 0x0000000080600000|100%|HC|  |TAMS 0x0000000080600000, 0x0000000080600000| Complete 
|   6|0x0000000080600000, 0x0000000080700000, 0x0000000080700000|100%| O|  |TAMS 0x0000000080700000, 0x0000000080700000| Untracked 
|   7|0x0000000080700000, 0x0000000080800000, 0x0000000080800000|100%| O|  |TAMS 0x0000000080800000, 0x0000000080800000| Untracked 
|   8|0x0000000080800000, 0x0000000080900000, 0x0000000080900000|100%| O|  |TAMS 0x0000000080900000, 0x0000000080900000| Untracked 
|   9|0x0000000080900000, 0x0000000080a00000, 0x0000000080a00000|100%| O|  |TAMS 0x0000000080a00000, 0x0000000080a00000| Untracked 
|  10|0x0000000080a00000, 0x0000000080b00000, 0x0000000080b00000|100%| O|  |TAMS 0x0000000080b00000, 0x0000000080b00000| Untracked 
|  11|0x0000000080b00000, 0x0000000080c00000, 0x0000000080c00000|100%| O|  |TAMS 0x0000000080c00000, 0x0000000080c00000| Untracked 
|  12|0x0000000080c00000, 0x0000000080d00000, 0x0000000080d00000|100%| O|  |TAMS 0x0000000080d00000, 0x0000000080d00000| Untracked 
|  13|0x0000000080d00000, 0x0000000080e00000, 0x0000000080e00000|100%| O|  |TAMS 0x0000000080e00000, 0x0000000080e00000| Untracked 
|  14|0x0000000080e00000, 0x0000000080f00000, 0x0000000080f00000|100%| O|  |TAMS 0x0000000080f00000, 0x0000000080f00000| Untracked 
|  15|0x0000000080f00000, 0x0000000081000000, 0x0000000081000000|100%| O|  |TAMS 0x0000000081000000, 0x0000000081000000| Untracked 
|  16|0x0000000081000000, 0x0000000081100000, 0x0000000081100000|100%| O|  |TAMS 0x0000000081100000, 0x0000000081100000| Untracked 
|  17|0x0000000081100000, 0x0000000081200000, 0x0000000081200000|100%| O|  |TAMS 0x0000000081200000, 0x0000000081200000| Untracked 
|  18|0x0000000081200000, 0x0000000081300000, 0x0000000081300000|100%| O|  |TAMS 0x0000000081300000, 0x0000000081300000| Untracked 
|  19|0x0000000081300000, 0x0000000081400000, 0x0000000081400000|100%| O|  |TAMS 0x0000000081400000, 0x0000000081400000| Untracked 
|  20|0x0000000081400000, 0x0000000081500000, 0x0000000081500000|100%| O|  |TAMS 0x0000000081400000, 0x0000000081500000| Untracked 
|  21|0x0000000081500000, 0x0000000081600000, 0x0000000081600000|100%|HS|  |TAMS 0x0000000081600000, 0x0000000081600000| Complete 
|  22|0x0000000081600000, 0x0000000081700000, 0x0000000081700000|100%|HC|  |TAMS 0x0000000081700000, 0x0000000081700000| Complete 
|  23|0x0000000081700000, 0x0000000081800000, 0x0000000081800000|100%|HS|  |TAMS 0x0000000081800000, 0x0000000081800000| Complete 
|  24|0x0000000081800000, 0x0000000081900000, 0x0000000081900000|100%|HC|  |TAMS 0x0000000081900000, 0x0000000081900000| Complete 
|  25|0x0000000081900000, 0x0000000081a00000, 0x0000000081a00000|100%|HC|  |TAMS 0x0000000081a00000, 0x0000000081a00000| Complete 
|  26|0x0000000081a00000, 0x0000000081b00000, 0x0000000081b00000|100%|HS|  |TAMS 0x0000000081b00000, 0x0000000081b00000| Complete 
|  27|0x0000000081b00000, 0x0000000081c00000, 0x0000000081c00000|100%|HC|  |TAMS 0x0000000081c00000, 0x0000000081c00000| Complete 
|  28|0x0000000081c00000, 0x0000000081d00000, 0x0000000081d00000|100%|HS|  |TAMS 0x0000000081d00000, 0x0000000081d00000| Complete 
|  29|0x0000000081d00000, 0x0000000081e00000, 0x0000000081e00000|100%|HC|  |TAMS 0x0000000081e00000, 0x0000000081e00000| Complete 
|  30|0x0000000081e00000, 0x0000000081f00000, 0x0000000081f00000|100%|HC|  |TAMS 0x0000000081f00000, 0x0000000081f00000| Complete 
|  31|0x0000000081f00000, 0x0000000082000000, 0x0000000082000000|100%|HC|  |TAMS 0x0000000082000000, 0x0000000082000000| Complete 
|  32|0x0000000082000000, 0x0000000082100000, 0x0000000082100000|100%|HC|  |TAMS 0x0000000082100000, 0x0000000082100000| Complete 
|  33|0x0000000082100000, 0x0000000082200000, 0x0000000082200000|100%|HC|  |TAMS 0x0000000082200000, 0x0000000082200000| Complete 
|  34|0x0000000082200000, 0x0000000082300000, 0x0000000082300000|100%|HC|  |TAMS 0x0000000082300000, 0x0000000082300000| Complete 
|  35|0x0000000082300000, 0x0000000082400000, 0x0000000082400000|100%|HC|  |TAMS 0x0000000082400000, 0x0000000082400000| Complete 
|  36|0x0000000082400000, 0x0000000082500000, 0x0000000082500000|100%|HC|  |TAMS 0x0000000082500000, 0x0000000082500000| Complete 
|  37|0x0000000082500000, 0x0000000082600000, 0x0000000082600000|100%|HC|  |TAMS 0x0000000082600000, 0x0000000082600000| Complete 
|  38|0x0000000082600000, 0x0000000082700000, 0x0000000082700000|100%|HC|  |TAMS 0x0000000082700000, 0x0000000082700000| Complete 
|  39|0x0000000082700000, 0x0000000082800000, 0x0000000082800000|100%|HC|  |TAMS 0x0000000082800000, 0x0000000082800000| Complete 
|  40|0x0000000082800000, 0x0000000082900000, 0x0000000082900000|100%| O|  |TAMS 0x0000000082900000, 0x0000000082900000| Untracked 
|  41|0x0000000082900000, 0x0000000082a00000, 0x0000000082a00000|100%| O|  |TAMS 0x0000000082a00000, 0x0000000082a00000| Untracked 
|  42|0x0000000082a00000, 0x0000000082a00000, 0x0000000082b00000|  0%| F|  |TAMS 0x0000000082a00000, 0x0000000082a00000| Untracked 
|  43|0x0000000082b00000, 0x0000000082c00000, 0x0000000082c00000|100%|HS|  |TAMS 0x0000000082c00000, 0x0000000082c00000| Complete 
|  44|0x0000000082c00000, 0x0000000082d00000, 0x0000000082d00000|100%|HC|  |TAMS 0x0000000082d00000, 0x0000000082d00000| Complete 
|  45|0x0000000082d00000, 0x0000000082e00000, 0x0000000082e00000|100%| O|  |TAMS 0x0000000082e00000, 0x0000000082e00000| Untracked 
|  46|0x0000000082e00000, 0x0000000082f00000, 0x0000000082f00000|100%| O|  |TAMS 0x0000000082f00000, 0x0000000082f00000| Untracked 
|  47|0x0000000082f00000, 0x0000000083000000, 0x0000000083000000|100%| O|  |TAMS 0x0000000082f9d600, 0x0000000083000000| Untracked 
|  48|0x0000000083000000, 0x0000000083100000, 0x0000000083100000|100%| O|  |TAMS 0x0000000083000000, 0x0000000083100000| Untracked 
|  49|0x0000000083100000, 0x000000008316e400, 0x0000000083200000| 43%| O|  |TAMS 0x0000000083100000, 0x000000008316e400| Untracked 
|  50|0x0000000083200000, 0x0000000083200000, 0x0000000083300000|  0%| F|  |TAMS 0x0000000083200000, 0x0000000083200000| Untracked 
|  51|0x0000000083300000, 0x0000000083300000, 0x0000000083400000|  0%| F|  |TAMS 0x0000000083300000, 0x0000000083300000| Untracked 
|  52|0x0000000083400000, 0x0000000083400000, 0x0000000083500000|  0%| F|  |TAMS 0x0000000083400000, 0x0000000083400000| Untracked 
|  53|0x0000000083500000, 0x0000000083500000, 0x0000000083600000|  0%| F|  |TAMS 0x0000000083500000, 0x0000000083500000| Untracked 
|  54|0x0000000083600000, 0x0000000083600000, 0x0000000083700000|  0%| F|  |TAMS 0x0000000083600000, 0x0000000083600000| Untracked 
|  55|0x0000000083700000, 0x0000000083700000, 0x0000000083800000|  0%| F|  |TAMS 0x0000000083700000, 0x0000000083700000| Untracked 
|  56|0x0000000083800000, 0x0000000083800000, 0x0000000083900000|  0%| F|  |TAMS 0x0000000083800000, 0x0000000083800000| Untracked 
|  57|0x0000000083900000, 0x0000000083900000, 0x0000000083a00000|  0%| F|  |TAMS 0x0000000083900000, 0x0000000083900000| Untracked 
|  58|0x0000000083a00000, 0x0000000083a00000, 0x0000000083b00000|  0%| F|  |TAMS 0x0000000083a00000, 0x0000000083a00000| Untracked 
|  59|0x0000000083b00000, 0x0000000083b00000, 0x0000000083c00000|  0%| F|  |TAMS 0x0000000083b00000, 0x0000000083b00000| Untracked 
|  60|0x0000000083c00000, 0x0000000083c00000, 0x0000000083d00000|  0%| F|  |TAMS 0x0000000083c00000, 0x0000000083c00000| Untracked 
|  61|0x0000000083d00000, 0x0000000083d00000, 0x0000000083e00000|  0%| F|  |TAMS 0x0000000083d00000, 0x0000000083d00000| Untracked 
|  62|0x0000000083e00000, 0x0000000083e76058, 0x0000000083f00000| 46%| S|CS|TAMS 0x0000000083e00000, 0x0000000083e00000| Complete 
|  63|0x0000000083f00000, 0x0000000084000000, 0x0000000084000000|100%| S|CS|TAMS 0x0000000083f00000, 0x0000000083f00000| Complete 
|  64|0x0000000084000000, 0x0000000084100000, 0x0000000084100000|100%| S|CS|TAMS 0x0000000084000000, 0x0000000084000000| Complete 
|  65|0x0000000084100000, 0x0000000084100000, 0x0000000084200000|  0%| F|  |TAMS 0x0000000084100000, 0x0000000084100000| Untracked 
|  66|0x0000000084200000, 0x0000000084200000, 0x0000000084300000|  0%| F|  |TAMS 0x0000000084200000, 0x0000000084200000| Untracked 
|  67|0x0000000084300000, 0x0000000084300000, 0x0000000084400000|  0%| F|  |TAMS 0x0000000084300000, 0x0000000084300000| Untracked 
|  68|0x0000000084400000, 0x0000000084400000, 0x0000000084500000|  0%| F|  |TAMS 0x0000000084400000, 0x0000000084400000| Untracked 
|  69|0x0000000084500000, 0x0000000084500000, 0x0000000084600000|  0%| F|  |TAMS 0x0000000084500000, 0x0000000084500000| Untracked 
|  70|0x0000000084600000, 0x0000000084600000, 0x0000000084700000|  0%| F|  |TAMS 0x0000000084600000, 0x0000000084600000| Untracked 
|  71|0x0000000084700000, 0x0000000084700000, 0x0000000084800000|  0%| F|  |TAMS 0x0000000084700000, 0x0000000084700000| Untracked 
|  72|0x0000000084800000, 0x0000000084800000, 0x0000000084900000|  0%| F|  |TAMS 0x0000000084800000, 0x0000000084800000| Untracked 
|  73|0x0000000084900000, 0x0000000084900000, 0x0000000084a00000|  0%| F|  |TAMS 0x0000000084900000, 0x0000000084900000| Untracked 
|  74|0x0000000084a00000, 0x0000000084a00000, 0x0000000084b00000|  0%| F|  |TAMS 0x0000000084a00000, 0x0000000084a00000| Untracked 
|  75|0x0000000084b00000, 0x0000000084b00000, 0x0000000084c00000|  0%| F|  |TAMS 0x0000000084b00000, 0x0000000084b00000| Untracked 
|  76|0x0000000084c00000, 0x0000000084c00000, 0x0000000084d00000|  0%| F|  |TAMS 0x0000000084c00000, 0x0000000084c00000| Untracked 
|  77|0x0000000084d00000, 0x0000000084d00000, 0x0000000084e00000|  0%| F|  |TAMS 0x0000000084d00000, 0x0000000084d00000| Untracked 
|  78|0x0000000084e00000, 0x0000000084e00000, 0x0000000084f00000|  0%| F|  |TAMS 0x0000000084e00000, 0x0000000084e00000| Untracked 
|  79|0x0000000084f00000, 0x0000000084f00000, 0x0000000085000000|  0%| F|  |TAMS 0x0000000084f00000, 0x0000000084f00000| Untracked 
|  80|0x0000000085000000, 0x0000000085000000, 0x0000000085100000|  0%| F|  |TAMS 0x0000000085000000, 0x0000000085000000| Untracked 
|  81|0x0000000085100000, 0x0000000085100000, 0x0000000085200000|  0%| F|  |TAMS 0x0000000085100000, 0x0000000085100000| Untracked 
|  82|0x0000000085200000, 0x0000000085200000, 0x0000000085300000|  0%| F|  |TAMS 0x0000000085200000, 0x0000000085200000| Untracked 
|  83|0x0000000085300000, 0x0000000085300000, 0x0000000085400000|  0%| F|  |TAMS 0x0000000085300000, 0x0000000085300000| Untracked 
| 123|0x0000000087b00000, 0x0000000087b00000, 0x0000000087c00000|  0%| F|  |TAMS 0x0000000087b00000, 0x0000000087b00000| Untracked 

Card table byte_map: [0x0000024024490000,0x0000024024890000] _byte_map_base: 0x0000024024090000

Marking Bits (Prev, Next): (CMBitMap*) 0x0000024011c11b70, (CMBitMap*) 0x0000024011c11b30
 Prev Bits: [0x0000024026c90000, 0x0000024028c90000)
 Next Bits: [0x0000024024c90000, 0x0000024026c90000)

Polling page: 0x0000024011380000

Metaspace:

Usage:
  Non-class:     35.86 MB used.
      Class:      5.56 MB used.
       Both:     41.42 MB used.

Virtual space:
  Non-class space:       64.00 MB reserved,      36.06 MB ( 56%) committed,  1 nodes.
      Class space:        1.00 GB reserved,       5.69 MB ( <1%) committed,  1 nodes.
             Both:        1.06 GB reserved,      41.75 MB (  4%) committed. 

Chunk freelists:
   Non-Class:  11.77 MB
       Class:  10.12 MB
        Both:  21.89 MB

MaxMetaspaceSize: unlimited
CompressedClassSpaceSize: 1.00 GB
Initial GC threshold: 21.00 MB
Current GC threshold: 57.31 MB
CDS: off
MetaspaceReclaimPolicy: balanced
 - commit_granule_bytes: 65536.
 - commit_granule_words: 8192.
 - virtual_space_node_default_size: 8388608.
 - enlarge_chunks_in_place: 1.
 - new_chunks_are_fully_committed: 0.
 - uncommit_free_chunks: 1.
 - use_allocation_guard: 0.
 - handle_deallocations: 1.


Internal statistics:

num_allocs_failed_limit: 3.
num_arena_births: 390.
num_arena_deaths: 0.
num_vsnodes_births: 2.
num_vsnodes_deaths: 0.
num_space_committed: 668.
num_space_uncommitted: 0.
num_chunks_returned_to_freelist: 3.
num_chunks_taken_from_freelist: 1626.
num_chunk_merges: 3.
num_chunk_splits: 1071.
num_chunks_enlarged: 728.
num_inconsistent_stats: 0.

CodeHeap 'non-profiled nmethods': size=120000Kb used=2161Kb max_used=2161Kb free=117838Kb
 bounds [0x000002401cb60000, 0x000002401cdd0000, 0x0000024024090000]
CodeHeap 'profiled nmethods': size=120000Kb used=7357Kb max_used=7357Kb free=112642Kb
 bounds [0x0000024015090000, 0x00000240157c0000, 0x000002401c5c0000]
CodeHeap 'non-nmethods': size=5760Kb used=1602Kb max_used=1618Kb free=4157Kb
 bounds [0x000002401c5c0000, 0x000002401c830000, 0x000002401cb60000]
 total_blobs=4257 nmethods=3603 adapters=566
 compilation: enabled
              stopped_count=0, restarted_count=0
 full_count=0

Compilation events (20 events):
Event: 4.131 Thread 0x000002402b4192d0 3594       3       jdk.internal.jimage.ImageStringsReader::get (9 bytes)
Event: 4.131 Thread 0x000002402b4189d0 3602       4       jdk.internal.jimage.ImageStringsReader::charsFromByteBufferLength (81 bytes)
Event: 4.131 Thread 0x000002402b4192d0 nmethod 3594 0x00000240157bb390 code [0x00000240157bb560, 0x00000240157bb8d8]
Event: 4.131 Thread 0x000002402b4192d0 3599       3       jdk.internal.jimage.ImageReader$SharedImageReader::makeDirectory (25 bytes)
Event: 4.132 Thread 0x000002402b4192d0 nmethod 3599 0x00000240157bba90 code [0x00000240157bbc80, 0x00000240157bc158]
Event: 4.132 Thread 0x000002402b4192d0 3597   !   3       jdk.internal.misc.ScopedMemoryAccess::getIntUnaligned (22 bytes)
Event: 4.132 Thread 0x000002402b4192d0 nmethod 3597 0x00000240157bc310 code [0x00000240157bc500, 0x00000240157bca88]
Event: 4.132 Thread 0x000002402b4192d0 3598   !   3       jdk.internal.misc.ScopedMemoryAccess::getIntUnalignedInternal (38 bytes)
Event: 4.132 Thread 0x000002402b4192d0 nmethod 3598 0x00000240157bcd90 code [0x00000240157bcf60, 0x00000240157bd2d8]
Event: 4.132 Thread 0x000002402b4192d0 3600       1       jdk.internal.jimage.ImageReader$Node::getName (5 bytes)
Event: 4.132 Thread 0x000002402b4192d0 nmethod 3600 0x000002401cd7c010 code [0x000002401cd7c1a0, 0x000002401cd7c278]
Event: 4.132 Thread 0x000002402b4192d0 3601       1       jdk.internal.jimage.BasicImageReader::getStrings (5 bytes)
Event: 4.132 Thread 0x000002402b4192d0 nmethod 3601 0x000002401cd7c310 code [0x000002401cd7c4a0, 0x000002401cd7c578]
Event: 4.132 Thread 0x000002402b4192d0 3603       3       java.nio.file.FileTreeWalker$Event::<init> (26 bytes)
Event: 4.132 Thread 0x000002402b4192d0 nmethod 3603 0x00000240157bd490 code [0x00000240157bd640, 0x00000240157bd918]
Event: 4.132 Thread 0x000002402b4192d0 3604   !   3       java.nio.file.FileTreeWalker::next (144 bytes)
Event: 4.133 Thread 0x000002402b4192d0 nmethod 3604 0x00000240157bda10 code [0x00000240157bdce0, 0x00000240157beb88]
Event: 4.133 Thread 0x000002402b4192d0 3605       3       java.util.ArrayDeque::size (17 bytes)
Event: 4.133 Thread 0x000002402b4192d0 nmethod 3605 0x00000240157bf110 code [0x00000240157bf2a0, 0x00000240157bf458]
Event: 4.133 Thread 0x000002402b4192d0 3607   !   3       java.nio.file.FileTreeWalker::visit (204 bytes)

GC Heap History (20 events):
Event: 1.753 GC heap after
{Heap after GC invocations=4 (full 0):
 garbage-first heap   total 126976K, used 18519K [0x0000000080000000, 0x0000000100000000)
  region size 1024K, 8 young (8192K), 8 survivors (8192K)
 Metaspace       used 21321K, committed 21504K, reserved 1114112K
  class space    used 2562K, committed 2624K, reserved 1048576K
}
Event: 2.201 GC heap before
{Heap before GC invocations=5 (full 0):
 garbage-first heap   total 68608K, used 50263K [0x0000000080000000, 0x0000000100000000)
  region size 1024K, 40 young (40960K), 8 survivors (8192K)
 Metaspace       used 25995K, committed 26240K, reserved 1114112K
  class space    used 3393K, committed 3520K, reserved 1048576K
}
Event: 2.208 GC heap after
{Heap after GC invocations=6 (full 0):
 garbage-first heap   total 68608K, used 19980K [0x0000000080000000, 0x0000000100000000)
  region size 1024K, 2 young (2048K), 2 survivors (2048K)
 Metaspace       used 25995K, committed 26240K, reserved 1114112K
  class space    used 3393K, committed 3520K, reserved 1048576K
}
Event: 2.224 GC heap before
{Heap before GC invocations=6 (full 0):
 garbage-first heap   total 68608K, used 21004K [0x0000000080000000, 0x0000000100000000)
  region size 1024K, 3 young (3072K), 2 survivors (2048K)
 Metaspace       used 26191K, committed 26496K, reserved 1114112K
  class space    used 3421K, committed 3584K, reserved 1048576K
}
Event: 2.227 GC heap after
{Heap after GC invocations=7 (full 0):
 garbage-first heap   total 82944K, used 20208K [0x0000000080000000, 0x0000000100000000)
  region size 1024K, 1 young (1024K), 1 survivors (1024K)
 Metaspace       used 26191K, committed 26496K, reserved 1114112K
  class space    used 3421K, committed 3584K, reserved 1048576K
}
Event: 2.958 GC heap before
{Heap before GC invocations=7 (full 0):
 garbage-first heap   total 82944K, used 55024K [0x0000000080000000, 0x0000000100000000)
  region size 1024K, 30 young (30720K), 1 survivors (1024K)
 Metaspace       used 29949K, committed 30272K, reserved 1114112K
  class space    used 4059K, committed 4224K, reserved 1048576K
}
Event: 2.962 GC heap after
{Heap after GC invocations=8 (full 0):
 garbage-first heap   total 82944K, used 31122K [0x0000000080000000, 0x0000000100000000)
  region size 1024K, 4 young (4096K), 4 survivors (4096K)
 Metaspace       used 29949K, committed 30272K, reserved 1114112K
  class space    used 4059K, committed 4224K, reserved 1048576K
}
Event: 3.003 GC heap before
{Heap before GC invocations=8 (full 0):
 garbage-first heap   total 82944K, used 43410K [0x0000000080000000, 0x0000000100000000)
  region size 1024K, 5 young (5120K), 4 survivors (4096K)
 Metaspace       used 29951K, committed 30272K, reserved 1114112K
  class space    used 4059K, committed 4224K, reserved 1048576K
}
Event: 3.006 GC heap after
{Heap after GC invocations=9 (full 0):
 garbage-first heap   total 82944K, used 43578K [0x0000000080000000, 0x0000000100000000)
  region size 1024K, 1 young (1024K), 1 survivors (1024K)
 Metaspace       used 29951K, committed 30272K, reserved 1114112K
  class space    used 4059K, committed 4224K, reserved 1048576K
}
Event: 3.275 GC heap before
{Heap before GC invocations=10 (full 0):
 garbage-first heap   total 82944K, used 65082K [0x0000000080000000, 0x0000000100000000)
  region size 1024K, 21 young (21504K), 1 survivors (1024K)
 Metaspace       used 32202K, committed 32576K, reserved 1114112K
  class space    used 4429K, committed 4608K, reserved 1048576K
}
Event: 3.277 GC heap after
{Heap after GC invocations=11 (full 0):
 garbage-first heap   total 82944K, used 48097K [0x0000000080000000, 0x0000000100000000)
  region size 1024K, 3 young (3072K), 3 survivors (3072K)
 Metaspace       used 32202K, committed 32576K, reserved 1114112K
  class space    used 4429K, committed 4608K, reserved 1048576K
}
Event: 3.289 GC heap before
{Heap before GC invocations=11 (full 0):
 garbage-first heap   total 82944K, used 49121K [0x0000000080000000, 0x0000000100000000)
  region size 1024K, 4 young (4096K), 3 survivors (3072K)
 Metaspace       used 32356K, committed 32704K, reserved 1114112K
  class space    used 4451K, committed 4608K, reserved 1048576K
}
Event: 3.291 GC heap after
{Heap after GC invocations=12 (full 0):
 garbage-first heap   total 82944K, used 47828K [0x0000000080000000, 0x0000000100000000)
  region size 1024K, 1 young (1024K), 1 survivors (1024K)
 Metaspace       used 32356K, committed 32704K, reserved 1114112K
  class space    used 4451K, committed 4608K, reserved 1048576K
}
Event: 3.567 GC heap before
{Heap before GC invocations=12 (full 0):
 garbage-first heap   total 82944K, used 65236K [0x0000000080000000, 0x0000000100000000)
  region size 1024K, 18 young (18432K), 1 survivors (1024K)
 Metaspace       used 34579K, committed 34944K, reserved 1114112K
  class space    used 4805K, committed 4992K, reserved 1048576K
}
Event: 3.570 GC heap after
{Heap after GC invocations=13 (full 0):
 garbage-first heap   total 82944K, used 48549K [0x0000000080000000, 0x0000000100000000)
  region size 1024K, 1 young (1024K), 1 survivors (1024K)
 Metaspace       used 34579K, committed 34944K, reserved 1114112K
  class space    used 4805K, committed 4992K, reserved 1048576K
}
Event: 3.835 GC heap before
{Heap before GC invocations=14 (full 0):
 garbage-first heap   total 87040K, used 64933K [0x0000000080000000, 0x0000000100000000)
  region size 1024K, 18 young (18432K), 1 survivors (1024K)
 Metaspace       used 37319K, committed 37760K, reserved 1114112K
  class space    used 5210K, committed 5440K, reserved 1048576K
}
Event: 3.838 GC heap after
{Heap after GC invocations=15 (full 0):
 garbage-first heap   total 87040K, used 49900K [0x0000000080000000, 0x0000000100000000)
  region size 1024K, 3 young (3072K), 3 survivors (3072K)
 Metaspace       used 37319K, committed 37760K, reserved 1114112K
  class space    used 5210K, committed 5440K, reserved 1048576K
}
Event: 3.846 GC heap before
{Heap before GC invocations=15 (full 0):
 garbage-first heap   total 87040K, used 49900K [0x0000000080000000, 0x0000000100000000)
  region size 1024K, 4 young (4096K), 3 survivors (3072K)
 Metaspace       used 37393K, committed 37824K, reserved 1114112K
  class space    used 5215K, committed 5440K, reserved 1048576K
}
Event: 3.850 GC heap after
{Heap after GC invocations=16 (full 0):
 garbage-first heap   total 87040K, used 50166K [0x0000000080000000, 0x0000000100000000)
  region size 1024K, 1 young (1024K), 1 survivors (1024K)
 Metaspace       used 37393K, committed 37824K, reserved 1114112K
  class space    used 5215K, committed 5440K, reserved 1048576K
}
Event: 4.134 GC heap before
{Heap before GC invocations=16 (full 0):
 garbage-first heap   total 87040K, used 68598K [0x0000000080000000, 0x0000000100000000)
  region size 1024K, 20 young (20480K), 1 survivors (1024K)
 Metaspace       used 42416K, committed 42752K, reserved 1114112K
  class space    used 5694K, committed 5824K, reserved 1048576K
}

Dll operation events (3 events):
Event: 0.005 Loaded shared library C:\Program Files\Android\Android Studio\jbr\bin\java.dll
Event: 0.127 Loaded shared library C:\Program Files\Android\Android Studio\jbr\bin\zip.dll
Event: 0.468 Loaded shared library C:\Program Files\Android\Android Studio\jbr\bin\verify.dll

Deoptimization events (20 events):
Event: 4.072 Thread 0x000002403071f390 Uncommon trap: trap_request=0xffffffc6 fr.pc=0x000002401cccfc6c relative=0x00000000000041cc
Event: 4.072 Thread 0x000002403071f390 Uncommon trap: reason=bimorphic_or_optimized_type_check action=maybe_recompile pc=0x000002401cccfc6c method=java.net.URL.<init>(Ljava/net/URL;Ljava/lang/String;Ljava/net/URLStreamHandler;)V @ 504 c2
Event: 4.072 Thread 0x000002403071f390 DEOPT PACKING pc=0x000002401cccfc6c sp=0x0000009fc80f6f20
Event: 4.072 Thread 0x000002403071f390 DEOPT UNPACKING pc=0x000002401c61a1a3 sp=0x0000009fc80f6ec0 mode 2
Event: 4.120 Thread 0x000002403071f390 Uncommon trap: trap_request=0xffffffc6 fr.pc=0x000002401cd50fa8 relative=0x00000000000002c8
Event: 4.120 Thread 0x000002403071f390 Uncommon trap: reason=bimorphic_or_optimized_type_check action=maybe_recompile pc=0x000002401cd50fa8 method=java.util.stream.MatchOps$1MatchSink.accept(Ljava/lang/Object;)V @ 12 c2
Event: 4.120 Thread 0x000002403071f390 DEOPT PACKING pc=0x000002401cd50fa8 sp=0x0000009fc80f71f0
Event: 4.120 Thread 0x000002403071f390 DEOPT UNPACKING pc=0x000002401c61a1a3 sp=0x0000009fc80f7198 mode 2
Event: 4.120 Thread 0x000002403071f390 Uncommon trap: trap_request=0xffffffc6 fr.pc=0x000002401cd50fa8 relative=0x00000000000002c8
Event: 4.120 Thread 0x000002403071f390 Uncommon trap: reason=bimorphic_or_optimized_type_check action=maybe_recompile pc=0x000002401cd50fa8 method=java.util.stream.MatchOps$1MatchSink.accept(Ljava/lang/Object;)V @ 12 c2
Event: 4.120 Thread 0x000002403071f390 DEOPT PACKING pc=0x000002401cd50fa8 sp=0x0000009fc80f71f0
Event: 4.120 Thread 0x000002403071f390 DEOPT UNPACKING pc=0x000002401c61a1a3 sp=0x0000009fc80f7198 mode 2
Event: 4.120 Thread 0x000002403071f390 Uncommon trap: trap_request=0xffffffc6 fr.pc=0x000002401cd50fa8 relative=0x00000000000002c8
Event: 4.120 Thread 0x000002403071f390 Uncommon trap: reason=bimorphic_or_optimized_type_check action=maybe_recompile pc=0x000002401cd50fa8 method=java.util.stream.MatchOps$1MatchSink.accept(Ljava/lang/Object;)V @ 12 c2
Event: 4.120 Thread 0x000002403071f390 DEOPT PACKING pc=0x000002401cd50fa8 sp=0x0000009fc80f71f0
Event: 4.120 Thread 0x000002403071f390 DEOPT UNPACKING pc=0x000002401c61a1a3 sp=0x0000009fc80f7198 mode 2
Event: 4.120 Thread 0x000002403071f390 Uncommon trap: trap_request=0xffffffc6 fr.pc=0x000002401cd50fa8 relative=0x00000000000002c8
Event: 4.120 Thread 0x000002403071f390 Uncommon trap: reason=bimorphic_or_optimized_type_check action=maybe_recompile pc=0x000002401cd50fa8 method=java.util.stream.MatchOps$1MatchSink.accept(Ljava/lang/Object;)V @ 12 c2
Event: 4.120 Thread 0x000002403071f390 DEOPT PACKING pc=0x000002401cd50fa8 sp=0x0000009fc80f71f0
Event: 4.120 Thread 0x000002403071f390 DEOPT UNPACKING pc=0x000002401c61a1a3 sp=0x0000009fc80f7198 mode 2

Classes unloaded (0 events):
No events

Classes redefined (0 events):
No events

Internal exceptions (20 events):
Event: 3.349 Thread 0x000002403071f390 Exception <a 'java/lang/NoSuchMethodError'{0x0000000084be22c0}: 'java.lang.Object java.lang.invoke.Invokers$Holder.linkToTargetMethod(java.lang.Object, java.lang.Object, java.lang.Object, java.lang.Object, java.lang.Object, java.lang.Object, java.lang.Object, java.lang.Object, java.lang.Object, java.lang.Object, java.lang.Object, java.lang.Object)'> (0x0000000084be22c0) 
thrown [s\src\hotspot\share\interpreter\linkResolver.cpp, line 771]
Event: 3.351 Thread 0x000002403071f390 Exception <a 'java/lang/NoSuchMethodError'{0x0000000084a1d6b8}: 'java.lang.Object java.lang.invoke.DirectMethodHandle$Holder.newInvokeSpecial(java.lang.Object, java.lang.Object, java.lang.Object, java.lang.Object, java.lang.Object, java.lang.Object, java.lang.Object, java.lang.Object, java.lang.Object, java.lang.Object)'> (0x0000000084a1d6b8) 
thrown [s\src\hotspot\share\interpreter\linkResolver.cpp, line 771]
Event: 3.351 Thread 0x000002403071f390 Exception <a 'java/lang/NoSuchMethodError'{0x0000000084a225a0}: 'java.lang.Object java.lang.invoke.Invokers$Holder.linkToTargetMethod(java.lang.Object, java.lang.Object, java.lang.Object, java.lang.Object, java.lang.Object, java.lang.Object, java.lang.Object, java.lang.Object, java.lang.Object, java.lang.Object)'> (0x0000000084a225a0) 
thrown [s\src\hotspot\share\interpreter\linkResolver.cpp, line 771]
Event: 3.383 Thread 0x000002403071f390 Exception <a 'java/lang/NoSuchMethodError'{0x0000000084a8a800}: 'java.lang.Object java.lang.invoke.DirectMethodHandle$Holder.invokeStaticInit(java.lang.Object, java.lang.Object, java.lang.Object, java.lang.Object)'> (0x0000000084a8a800) 
thrown [s\src\hotspot\share\interpreter\linkResolver.cpp, line 771]
Event: 3.554 Thread 0x000002403071f390 Exception <a 'java/lang/NoSuchMethodError'{0x0000000083f41e00}: 'java.lang.Object java.lang.invoke.DirectMethodHandle$Holder.newInvokeSpecial(java.lang.Object, java.lang.Object, java.lang.Object, java.lang.Object, java.lang.Object, java.lang.Object, java.lang.Object, java.lang.Object)'> (0x0000000083f41e00) 
thrown [s\src\hotspot\share\interpreter\linkResolver.cpp, line 771]
Event: 3.554 Thread 0x000002403071f390 Exception <a 'java/lang/NoSuchMethodError'{0x0000000083f47878}: 'java.lang.Object java.lang.invoke.Invokers$Holder.linkToTargetMethod(java.lang.Object, java.lang.Object, java.lang.Object, java.lang.Object, java.lang.Object, java.lang.Object, java.lang.Object, java.lang.Object)'> (0x0000000083f47878) 
thrown [s\src\hotspot\share\interpreter\linkResolver.cpp, line 771]
Event: 3.560 Thread 0x000002403071f390 Exception <a 'java/lang/IncompatibleClassChangeError'{0x0000000083fb5cc0}: Found class java.lang.Object, but interface was expected> (0x0000000083fb5cc0) 
thrown [s\src\hotspot\share\interpreter\linkResolver.cpp, line 838]
Event: 3.719 Thread 0x000002403071f390 Exception <a 'java/lang/NoSuchMethodError'{0x0000000084b76a80}: 'java.lang.Object java.lang.invoke.DirectMethodHandle$Holder.invokeSpecial(java.lang.Object, java.lang.Object, java.lang.Object, int, java.lang.Object, java.lang.Object)'> (0x0000000084b76a80) 
thrown [s\src\hotspot\share\interpreter\linkResolver.cpp, line 771]
Event: 3.774 Thread 0x000002403071f390 Implicit null exception at 0x000002401cd30f99 to 0x000002401cd31494
Event: 3.799 Thread 0x000002403071f390 Exception <a 'java/lang/NoSuchMethodError'{0x0000000084599be0}: 'void java.lang.invoke.DirectMethodHandle$Holder.invokeStaticInit(java.lang.Object, java.lang.Object, java.lang.Object)'> (0x0000000084599be0) 
thrown [s\src\hotspot\share\interpreter\linkResolver.cpp, line 771]
Event: 3.800 Thread 0x000002403071f390 Exception <a 'java/lang/NoSuchMethodError'{0x00000000845a1328}: 'void java.lang.invoke.DirectMethodHandle$Holder.invokeStaticInit(java.lang.Object, java.lang.Object, java.lang.Object, java.lang.Object)'> (0x00000000845a1328) 
thrown [s\src\hotspot\share\interpreter\linkResolver.cpp, line 771]
Event: 3.804 Thread 0x000002403071f390 Exception <a 'java/lang/NoSuchMethodError'{0x00000000845c3748}: 'void java.lang.invoke.DirectMethodHandle$Holder.invokeStaticInit(java.lang.Object, java.lang.Object, java.lang.Object, java.lang.Object, java.lang.Object)'> (0x00000000845c3748) 
thrown [s\src\hotspot\share\interpreter\linkResolver.cpp, line 771]
Event: 3.815 Thread 0x000002403071f390 Exception <a 'java/lang/NoSuchMethodError'{0x000000008441e238}: 'int java.lang.invoke.DirectMethodHandle$Holder.invokeStaticInit(java.lang.Object, java.lang.Object, java.lang.Object, java.lang.Object)'> (0x000000008441e238) 
thrown [s\src\hotspot\share\interpreter\linkResolver.cpp, line 771]
Event: 4.029 Thread 0x000002403071f390 Exception <a 'java/lang/ClassNotFoundException'{0x0000000084a755c8}: groovy/lang/ExpandoMetaClassBeanInfo> (0x0000000084a755c8) 
thrown [s\src\hotspot\share\classfile\systemDictionary.cpp, line 256]
Event: 4.030 Thread 0x000002403071f390 Exception <a 'java/lang/ClassNotFoundException'{0x0000000084a8d498}: groovy/lang/MetaClassImplBeanInfo> (0x0000000084a8d498) 
thrown [s\src\hotspot\share\classfile\systemDictionary.cpp, line 256]
Event: 4.030 Thread 0x000002403071f390 Exception <a 'java/lang/ClassNotFoundException'{0x0000000084a930a0}: java/lang/ObjectBeanInfo> (0x0000000084a930a0) 
thrown [s\src\hotspot\share\classfile\systemDictionary.cpp, line 256]
Event: 4.030 Thread 0x000002403071f390 Exception <a 'java/lang/ClassNotFoundException'{0x0000000084a99ee0}: java/lang/ObjectCustomizer> (0x0000000084a99ee0) 
thrown [s\src\hotspot\share\classfile\systemDictionary.cpp, line 256]
Event: 4.033 Thread 0x000002403071f390 Exception <a 'java/lang/IncompatibleClassChangeError'{0x0000000084aa9bb8}: Found class java.lang.Object, but interface was expected> (0x0000000084aa9bb8) 
thrown [s\src\hotspot\share\interpreter\linkResolver.cpp, line 838]
Event: 4.035 Thread 0x000002403071f390 Exception <a 'java/lang/ClassNotFoundException'{0x0000000084ad0820}: groovy/lang/MetaClassImplCustomizer> (0x0000000084ad0820) 
thrown [s\src\hotspot\share\classfile\systemDictionary.cpp, line 256]
Event: 4.037 Thread 0x000002403071f390 Exception <a 'java/lang/ClassNotFoundException'{0x0000000084908298}: groovy/lang/ExpandoMetaClassCustomizer> (0x0000000084908298) 
thrown [s\src\hotspot\share\classfile\systemDictionary.cpp, line 256]

VM Operations (20 events):
Event: 3.838 Executing VM operation: G1CollectForAllocation done
Event: 3.846 Executing VM operation: G1CollectForAllocation
Event: 3.850 Executing VM operation: G1CollectForAllocation done
Event: 3.934 Executing VM operation: HandshakeAllThreads
Event: 3.934 Executing VM operation: HandshakeAllThreads done
Event: 4.009 Executing VM operation: HandshakeAllThreads
Event: 4.009 Executing VM operation: HandshakeAllThreads done
Event: 4.072 Executing VM operation: HandshakeAllThreads
Event: 4.073 Executing VM operation: HandshakeAllThreads done
Event: 4.073 Executing VM operation: HandshakeAllThreads
Event: 4.073 Executing VM operation: HandshakeAllThreads done
Event: 4.075 Executing VM operation: HandshakeAllThreads
Event: 4.076 Executing VM operation: HandshakeAllThreads done
Event: 4.078 Executing VM operation: HandshakeAllThreads
Event: 4.078 Executing VM operation: HandshakeAllThreads done
Event: 4.084 Executing VM operation: HandshakeAllThreads
Event: 4.085 Executing VM operation: HandshakeAllThreads done
Event: 4.128 Executing VM operation: HandshakeAllThreads
Event: 4.128 Executing VM operation: HandshakeAllThreads done
Event: 4.134 Executing VM operation: G1CollectForAllocation

Events (20 events):
Event: 4.127 loading class jdk/internal/jimage/ImageReader$Directory
Event: 4.127 loading class jdk/internal/jimage/ImageReader$Node
Event: 4.127 loading class jdk/internal/jimage/ImageReader$Node done
Event: 4.127 loading class jdk/internal/jimage/ImageReader$Directory done
Event: 4.127 loading class jdk/internal/jrtfs/SystemImage$1
Event: 4.128 loading class jdk/internal/jrtfs/SystemImage$1 done
Event: 4.128 loading class jdk/internal/jimage/ImageReader$SharedImageReader$LocationVisitor
Event: 4.128 loading class jdk/internal/jimage/ImageReader$SharedImageReader$LocationVisitor done
Event: 4.128 loading class java/nio/ByteBufferAsIntBufferL
Event: 4.128 loading class java/nio/ByteBufferAsIntBufferL done
Event: 4.129 loading class jdk/internal/jrtfs/JrtFileAttributes
Event: 4.129 loading class jdk/internal/jrtfs/JrtFileAttributes done
Event: 4.129 loading class jdk/internal/jrtfs/JrtDirectoryStream
Event: 4.129 loading class jdk/internal/jrtfs/JrtDirectoryStream done
Event: 4.129 loading class jdk/internal/jrtfs/JrtDirectoryStream$1
Event: 4.129 loading class jdk/internal/jrtfs/JrtDirectoryStream$1 done
Event: 4.130 loading class java/util/function/BooleanSupplier
Event: 4.130 loading class java/util/function/BooleanSupplier done
Event: 4.130 loading class jdk/internal/jimage/ImageReader$Resource
Event: 4.130 loading class jdk/internal/jimage/ImageReader$Resource done


Dynamic libraries:
0x00007ff7087a0000 - 0x00007ff7087aa000 	C:\Program Files\Android\Android Studio\jbr\bin\java.exe
0x00007ffe58bb0000 - 0x00007ffe58da8000 	C:\WINDOWS\SYSTEM32\ntdll.dll
0x00007ffe58790000 - 0x00007ffe58852000 	C:\WINDOWS\System32\KERNEL32.DLL
0x00007ffe56560000 - 0x00007ffe5685f000 	C:\WINDOWS\System32\KERNELBASE.dll
0x00007ffe56340000 - 0x00007ffe56440000 	C:\WINDOWS\System32\ucrtbase.dll
0x00007ffe3cd20000 - 0x00007ffe3cd3b000 	C:\Program Files\Android\Android Studio\jbr\bin\VCRUNTIME140.dll
0x00007ffe27080000 - 0x00007ffe27097000 	C:\Program Files\Android\Android Studio\jbr\bin\jli.dll
0x00007ffe585f0000 - 0x00007ffe5878d000 	C:\WINDOWS\System32\USER32.dll
0x00007ffe56910000 - 0x00007ffe56932000 	C:\WINDOWS\System32\win32u.dll
0x00007ffe57170000 - 0x00007ffe5719b000 	C:\WINDOWS\System32\GDI32.dll
0x00007ffe56440000 - 0x00007ffe5655a000 	C:\WINDOWS\System32\gdi32full.dll
0x00007ffe3d360000 - 0x00007ffe3d5fa000 	C:\WINDOWS\WinSxS\amd64_microsoft.windows.common-controls_6595b64144ccf1df_6.0.19041.4355_none_60b8b9eb71f62e16\COMCTL32.dll
0x00007ffe56940000 - 0x00007ffe569dd000 	C:\WINDOWS\System32\msvcp_win.dll
0x00007ffe58180000 - 0x00007ffe5821e000 	C:\WINDOWS\System32\msvcrt.dll
0x00007ffe589f0000 - 0x00007ffe58a1f000 	C:\WINDOWS\System32\IMM32.DLL
0x00007ffe4c3c0000 - 0x00007ffe4c3cc000 	C:\Program Files\Android\Android Studio\jbr\bin\vcruntime140_1.dll
0x00007ffe0c430000 - 0x00007ffe0c4bd000 	C:\Program Files\Android\Android Studio\jbr\bin\msvcp140.dll
0x00007ffe09e10000 - 0x00007ffe0aa90000 	C:\Program Files\Android\Android Studio\jbr\bin\server\jvm.dll
0x00007ffe583d0000 - 0x00007ffe5847f000 	C:\WINDOWS\System32\ADVAPI32.dll
0x00007ffe57260000 - 0x00007ffe572ff000 	C:\WINDOWS\System32\sechost.dll
0x00007ffe58860000 - 0x00007ffe58983000 	C:\WINDOWS\System32\RPCRT4.dll
0x00007ffe56310000 - 0x00007ffe56337000 	C:\WINDOWS\System32\bcrypt.dll
0x00007ffe1bf10000 - 0x00007ffe1bf19000 	C:\WINDOWS\SYSTEM32\WSOCK32.dll
0x00007ffe39fb0000 - 0x00007ffe39fd7000 	C:\WINDOWS\SYSTEM32\WINMM.dll
0x00007ffe4a090000 - 0x00007ffe4a09a000 	C:\WINDOWS\SYSTEM32\VERSION.dll
0x00007ffe58280000 - 0x00007ffe582eb000 	C:\WINDOWS\System32\WS2_32.dll
0x00007ffe54a70000 - 0x00007ffe54a82000 	C:\WINDOWS\SYSTEM32\kernel.appcore.dll
0x00007ffe4f660000 - 0x00007ffe4f66a000 	C:\Program Files\Android\Android Studio\jbr\bin\jimage.dll
0x00007ffe53e00000 - 0x00007ffe53fe4000 	C:\WINDOWS\SYSTEM32\DBGHELP.DLL
0x00007ffe329d0000 - 0x00007ffe32a04000 	C:\WINDOWS\SYSTEM32\dbgcore.DLL
0x00007ffe56b40000 - 0x00007ffe56bc2000 	C:\WINDOWS\System32\bcryptPrimitives.dll
0x00007ffe3a1a0000 - 0x00007ffe3a1ae000 	C:\Program Files\Android\Android Studio\jbr\bin\instrument.dll
0x00007ffe3a2d0000 - 0x00007ffe3a2f5000 	C:\Program Files\Android\Android Studio\jbr\bin\java.dll
0x00007ffe33e10000 - 0x00007ffe33e28000 	C:\Program Files\Android\Android Studio\jbr\bin\zip.dll
0x00007ffe576b0000 - 0x00007ffe57e1d000 	C:\WINDOWS\System32\SHELL32.dll
0x00007ffe542b0000 - 0x00007ffe54a54000 	C:\WINDOWS\SYSTEM32\windows.storage.dll
0x00007ffe57e20000 - 0x00007ffe58175000 	C:\WINDOWS\System32\combase.dll
0x00007ffe55c80000 - 0x00007ffe55caf000 	C:\WINDOWS\SYSTEM32\Wldp.dll
0x00007ffe58520000 - 0x00007ffe585ed000 	C:\WINDOWS\System32\OLEAUT32.dll
0x00007ffe571a0000 - 0x00007ffe5724d000 	C:\WINDOWS\System32\SHCORE.dll
0x00007ffe57650000 - 0x00007ffe576a5000 	C:\WINDOWS\System32\shlwapi.dll
0x00007ffe56180000 - 0x00007ffe561a4000 	C:\WINDOWS\SYSTEM32\profapi.dll
0x00007ffe30170000 - 0x00007ffe30189000 	C:\Program Files\Android\Android Studio\jbr\bin\net.dll
0x00007ffe506d0000 - 0x00007ffe507da000 	C:\WINDOWS\SYSTEM32\WINHTTP.dll
0x00007ffe559e0000 - 0x00007ffe55a4c000 	C:\WINDOWS\system32\mswsock.dll
0x00007ffe28c90000 - 0x00007ffe28ca6000 	C:\Program Files\Android\Android Studio\jbr\bin\nio.dll
0x00007ffe4c1c0000 - 0x00007ffe4c1d0000 	C:\Program Files\Android\Android Studio\jbr\bin\verify.dll
0x00007ffe26f50000 - 0x00007ffe26f77000 	C:\Users\khush\.gradle\native\68d5fa5c4cc2d200863cafc0d521ce42e7d3e7ee720ec0a83991735586a16f82\windows-amd64\native-platform.dll
0x00007ffe0ad50000 - 0x00007ffe0ae94000 	C:\Users\khush\.gradle\native\e376f236ea51e6404a007f0833ffe2c6e607c4080706a723a18a27aeea778392\windows-amd64\native-platform-file-events.dll
0x00007ffe4c000000 - 0x00007ffe4c009000 	C:\Program Files\Android\Android Studio\jbr\bin\management.dll
0x00007ffe3cbb0000 - 0x00007ffe3cbbb000 	C:\Program Files\Android\Android Studio\jbr\bin\management_ext.dll
0x00007ffe58510000 - 0x00007ffe58518000 	C:\WINDOWS\System32\PSAPI.DLL
0x00007ffe55be0000 - 0x00007ffe55bf8000 	C:\WINDOWS\SYSTEM32\CRYPTSP.dll
0x00007ffe55290000 - 0x00007ffe552c4000 	C:\WINDOWS\system32\rsaenh.dll
0x00007ffe56100000 - 0x00007ffe5612e000 	C:\WINDOWS\SYSTEM32\USERENV.dll
0x00007ffe55bd0000 - 0x00007ffe55bdc000 	C:\WINDOWS\SYSTEM32\CRYPTBASE.dll
0x00007ffe55670000 - 0x00007ffe556ab000 	C:\WINDOWS\SYSTEM32\IPHLPAPI.DLL
0x00007ffe57250000 - 0x00007ffe57258000 	C:\WINDOWS\System32\NSI.dll
0x00007ffe499b0000 - 0x00007ffe499c7000 	C:\WINDOWS\SYSTEM32\dhcpcsvc6.DLL
0x00007ffe49d00000 - 0x00007ffe49d1d000 	C:\WINDOWS\SYSTEM32\dhcpcsvc.DLL
0x00007ffe556c0000 - 0x00007ffe5578a000 	C:\WINDOWS\SYSTEM32\DNSAPI.dll
0x00007ffe33b20000 - 0x00007ffe33b27000 	C:\WINDOWS\system32\wshunix.dll

dbghelp: loaded successfully - version: 4.0.5 - missing functions: none
symbol engine: initialized successfully - sym options: 0x614 - pdb path: .;C:\Program Files\Android\Android Studio\jbr\bin;C:\WINDOWS\SYSTEM32;C:\WINDOWS\WinSxS\amd64_microsoft.windows.common-controls_6595b64144ccf1df_6.0.19041.4355_none_60b8b9eb71f62e16;C:\Program Files\Android\Android Studio\jbr\bin\server;C:\Users\khush\.gradle\native\68d5fa5c4cc2d200863cafc0d521ce42e7d3e7ee720ec0a83991735586a16f82\windows-amd64;C:\Users\khush\.gradle\native\e376f236ea51e6404a007f0833ffe2c6e607c4080706a723a18a27aeea778392\windows-amd64

VM Arguments:
jvm_args: --add-opens=java.base/java.util=ALL-UNNAMED --add-opens=java.base/java.lang=ALL-UNNAMED --add-opens=java.base/java.lang.invoke=ALL-UNNAMED --add-opens=java.prefs/java.util.prefs=ALL-UNNAMED --add-opens=java.base/java.nio.charset=ALL-UNNAMED --add-opens=java.base/java.net=ALL-UNNAMED --add-opens=java.base/java.util.concurrent.atomic=ALL-UNNAMED -Xmx2048m -Dfile.encoding=UTF-8 -Duser.country=US -Duser.language=en -Duser.variant -javaagent:C:\Users\khush\.gradle\wrapper\dists\gradle-8.2-bin\bbg7u40eoinfdyxsxr3z4i7ta\gradle-8.2\lib\agents\gradle-instrumentation-agent-8.2.jar 
java_command: org.gradle.launcher.daemon.bootstrap.GradleDaemon 8.2
java_class_path (initial): C:\Users\khush\.gradle\wrapper\dists\gradle-8.2-bin\bbg7u40eoinfdyxsxr3z4i7ta\gradle-8.2\lib\gradle-launcher-8.2.jar
Launcher Type: SUN_STANDARD

[Global flags]
     intx CICompilerCount                          = 3                                         {product} {ergonomic}
     uint ConcGCThreads                            = 1                                         {product} {ergonomic}
     uint G1ConcRefinementThreads                  = 4                                         {product} {ergonomic}
   size_t G1HeapRegionSize                         = 1048576                                   {product} {ergonomic}
    uintx GCDrainStackTargetSize                   = 64                                        {product} {ergonomic}
   size_t InitialHeapSize                          = 130023424                                 {product} {ergonomic}
   size_t MarkStackSize                            = 4194304                                   {product} {ergonomic}
   size_t MaxHeapSize                              = 2147483648                                {product} {command line}
   size_t MaxNewSize                               = 1287651328                                {product} {ergonomic}
   size_t MinHeapDeltaBytes                        = 1048576                                   {product} {ergonomic}
   size_t MinHeapSize                              = 8388608                                   {product} {ergonomic}
    uintx NonNMethodCodeHeapSize                   = 5832780                                {pd product} {ergonomic}
    uintx NonProfiledCodeHeapSize                  = 122912730                              {pd product} {ergonomic}
    uintx ProfiledCodeHeapSize                     = 122912730                              {pd product} {ergonomic}
    uintx ReservedCodeCacheSize                    = 251658240                              {pd product} {ergonomic}
     bool SegmentedCodeCache                       = true                                      {product} {ergonomic}
   size_t SoftMaxHeapSize                          = 2147483648                             {manageable} {ergonomic}
     bool UseCompressedClassPointers               = true                           {product lp64_product} {ergonomic}
     bool UseCompressedOops                        = true                           {product lp64_product} {ergonomic}
     bool UseG1GC                                  = true                                      {product} {ergonomic}
     bool UseLargePagesIndividualAllocation        = false                                  {pd product} {ergonomic}

Logging:
Log output configuration:
 #0: stdout all=warning uptime,level,tags
 #1: stderr all=off uptime,level,tags

Environment Variables:
PATH=C:\Program Files\Common Files\Oracle\Java\javapath;C:\oraclexe\app\oracle\product\10.2.0\server\bin;C:\Program Files (x86)\Common Files\Oracle\Java\javapath;C:\oraclexe\app\oracle\product\11.2.0\server\bin;C:\Program Files\dotnet\;C:\Program Files\Microsoft SQL Server\Client SDK\ODBC\170\Tools\Binn\;C:\ProgramData\chocolatey\bin;C:\Program Files\Microsoft SQL Server\130\Tools\Binn\;C:\Program Files (x86)\Windows Kits\10\Windows Performance Toolkit\;C:\MinGW\bin;C:\Program Files\MySQL\MySQL Server 8.0\bin;C:\Program Files\MySQL\MySQL Server 8.0\bin;C:\Program Files (x86)\MySQL\MySQL Server 6.0\bin;C:\Users\khush\AppData\Local\Programs\Python\Python312\Scripts;C:\Users\khush\AppData\Local\Programs\Python\Python312;C:\Program Files\nodejs\;C:\Program Files\Java\jdk-21\bin;D:\Sem 6\softwares sem 6\Git\cmd;C:\Windows\System32\WindowsPowerShell\v1.0;C:\Users\khush\AppData\Local\Programs\Microsoft VS Code\bin;C:\Users\khush\AppData\Roaming\npm;C:\Program Files\Java\jdk-21\bin;C:\Program Files\Graphviz\bin;
USERNAME=khush
OS=Windows_NT
PROCESSOR_IDENTIFIER=Intel64 Family 6 Model 140 Stepping 1, GenuineIntel
TMP=C:\Users\khush\AppData\Local\Temp
TEMP=C:\Users\khush\AppData\Local\Temp


JNI global refs:
JNI global refs: 24, weak refs: 0

JNI global refs memory usage: 843, weak refs: 841

OOME stack traces (most recent first):
Classloader memory used:
Loader org.gradle.internal.classloader.VisitableURLClassLoader                         : 2397K
Loader bootstrap                                                                       : 2295K
Loader org.gradle.initialization.MixInLegacyTypesClassLoader                           : 446K
Loader jdk.internal.loader.ClassLoaders$PlatformClassLoader                            : 65588B
Loader org.gradle.internal.classloader.VisitableURLClassLoader                         : 50819B
Loader jdk.internal.loader.ClassLoaders$AppClassLoader                                 : 28352B
Loader jdk.internal.reflect.DelegatingClassLoader                                      : 20274B
Loader org.gradle.groovy.scripts.internal.DefaultScriptCompilationHandler$ScriptClassLoader: 751B

Classes loaded by more than one classloader:
Class org.gradle.api.GradleException                                                  : loaded 3 times (x 80B)
Class org.gradle.util.GradleVersion                                                   : loaded 2 times (x 81B)
Class org.gradle.internal.classpath.ClassPath                                         : loaded 2 times (x 68B)
Class org.gradle.api.internal.classpath.DefaultModuleRegistry                         : loaded 2 times (x 84B)
Class org.gradle.api.Action                                                           : loaded 2 times (x 68B)
Class org.gradle.api.internal.DefaultClassPathProvider                                : loaded 2 times (x 74B)
Class org.gradle.internal.installation.GradleInstallation$1                           : loaded 2 times (x 73B)
Class org.gradle.internal.exceptions.DefaultMultiCauseException                       : loaded 2 times (x 85B)
Class org.gradle.internal.time.MonotonicClock                                         : loaded 2 times (x 75B)
Class org.gradle.internal.classloader.FilteringClassLoader                            : loaded 2 times (x 102B)
Class org.gradle.internal.classpath.DefaultClassPath$ImmutableUniqueList$Builder      : loaded 2 times (x 73B)
Class org.gradle.internal.classloader.ClassLoaderVisitor                              : loaded 2 times (x 74B)
Class org.gradle.internal.time.DefaultCountdownTimer                                  : loaded 2 times (x 86B)
Class org.gradle.internal.service.DefaultServiceLocator                               : loaded 2 times (x 81B)
Class org.gradle.internal.service.UnknownServiceException                             : loaded 2 times (x 81B)
Class org.gradle.internal.classloader.DefaultClassLoaderFactory                       : loaded 2 times (x 80B)
Class org.gradle.internal.classloader.VisitableURLClassLoader$Spec                    : loaded 2 times (x 72B)
Class org.gradle.tooling.model.ProjectModel                                           : loaded 2 times (x 68B)
Class org.gradle.internal.installation.GradleInstallation                             : loaded 2 times (x 73B)
Class org.gradle.api.internal.classpath.ModuleRegistry                                : loaded 2 times (x 68B)
Class org.gradle.api.internal.ClassPathProvider                                       : loaded 2 times (x 68B)
Class org.gradle.internal.classloader.ClasspathUtil$1                                 : loaded 2 times (x 74B)
Class org.gradle.internal.classloader.ClassLoaderFactory                              : loaded 2 times (x 68B)
Class org.gradle.api.internal.classpath.ManifestUtil                                  : loaded 2 times (x 69B)
Class org.gradle.api.specs.Spec                                                       : loaded 2 times (x 68B)
Class org.gradle.internal.IoActions                                                   : loaded 2 times (x 69B)
Class org.gradle.api.internal.classpath.EffectiveClassPath                            : loaded 2 times (x 88B)
Class org.gradle.internal.installation.CurrentGradleInstallation                      : loaded 2 times (x 71B)
Class org.gradle.internal.agents.InstrumentingClassLoader                             : loaded 2 times (x 68B)
Class org.gradle.internal.installation.CurrentGradleInstallationLocator               : loaded 2 times (x 69B)
Class org.gradle.api.internal.classpath.Module                                        : loaded 2 times (x 68B)
Class org.gradle.internal.service.CachingServiceLocator                               : loaded 2 times (x 80B)
Class org.gradle.internal.time.Timer                                                  : loaded 2 times (x 68B)
Class org.gradle.internal.classpath.DefaultClassPath                                  : loaded 2 times (x 88B)
Class org.gradle.internal.time.Time                                                   : loaded 2 times (x 69B)
Class org.gradle.internal.time.TimeSource$1                                           : loaded 2 times (x 75B)
Class org.gradle.internal.classloader.SystemClassLoaderSpec                           : loaded 2 times (x 69B)
Class kotlin.Function                                                                 : loaded 2 times (x 68B)
Class org.gradle.api.UncheckedIOException                                             : loaded 2 times (x 80B)
Class org.gradle.internal.time.CountdownTimer                                         : loaded 2 times (x 68B)
Class org.gradle.internal.time.Clock                                                  : loaded 2 times (x 68B)
Class org.gradle.internal.classloader.ClasspathUtil                                   : loaded 2 times (x 69B)
Class org.gradle.api.internal.DefaultClassPathRegistry                                : loaded 2 times (x 74B)
Class org.gradle.api.internal.classpath.DefaultModuleRegistry$DefaultModule           : loaded 2 times (x 84B)
Class org.gradle.internal.time.TimeSource                                             : loaded 2 times (x 68B)
Class org.gradle.api.internal.classpath.UnknownModuleException                        : loaded 2 times (x 80B)
Class org.gradle.internal.service.ServiceLookupException                              : loaded 2 times (x 80B)
Class org.gradle.cache.GlobalCache                                                    : loaded 2 times (x 68B)
Class [Lorg.gradle.api.internal.ClassPathProvider;                                    : loaded 2 times (x 67B)
Class org.gradle.internal.operations.MultipleBuildOperationFailures                   : loaded 2 times (x 85B)
Class org.gradle.util.internal.GUtil                                                  : loaded 2 times (x 69B)
Class org.gradle.internal.classloader.ClassLoaderSpec                                 : loaded 2 times (x 69B)
Class org.gradle.internal.classloader.VisitableURLClassLoader                         : loaded 2 times (x 114B)
Class org.gradle.internal.Cast                                                        : loaded 2 times (x 69B)
Class org.gradle.api.internal.ClassPathRegistry                                       : loaded 2 times (x 68B)
Class org.gradle.internal.classloader.VisitableURLClassLoader$InstrumentingVisitableURLClassLoader: loaded 2 times (x 120B)
Class org.gradle.internal.classloader.ClassLoaderHierarchy                            : loaded 2 times (x 68B)
Class org.gradle.internal.exceptions.MultiCauseException                              : loaded 2 times (x 68B)
Class org.gradle.internal.InternalTransformer                                         : loaded 2 times (x 68B)
Class org.gradle.internal.service.ServiceLocator                                      : loaded 2 times (x 68B)
Class org.gradle.internal.classpath.DefaultClassPath$ImmutableUniqueList              : loaded 2 times (x 159B)
Class org.gradle.internal.time.DefaultTimer                                           : loaded 2 times (x 78B)
Class org.gradle.internal.classpath.TransformedClassPath                              : loaded 2 times (x 94B)


---------------  S Y S T E M  ---------------

OS:
 Windows 10 , 64 bit Build 19041 (10.0.19041.5438)
OS uptime: 0 days 5:45 hours

CPU: total 4 (initial active 4) (2 cores per cpu, 2 threads per core) family 6 model 140 stepping 1 microcode 0x8a, cx8, cmov, fxsr, ht, mmx, 3dnowpref, sse, sse2, sse3, ssse3, sse4.1, sse4.2, popcnt, lzcnt, tsc, tscinvbit, avx, avx2, aes, erms, clmul, bmi1, bmi2, adx, avx512f, avx512dq, avx512cd, avx512bw, avx512vl, sha, fma, vzeroupper, avx512_vpopcntdq, avx512_vpclmulqdq, avx512_vaes, avx512_vnni, clflush, clflushopt, clwb, avx512_vbmi2, avx512_vbmi

Memory: 4k page, system-wide physical 7834M (382M free)
TotalPageFile size 12201M (AvailPageFile size 22M)
current process WorkingSet (physical memory assigned to process): 233M, peak: 233M
current process commit charge ("private bytes"): 257M, peak: 297M

vm_info: OpenJDK 64-Bit Server VM (17.0.7+0-b2043.56-10550314) for windows-amd64 JRE (17.0.7+0-b2043.56-10550314), built on Jul 24 2023 18:27:45 by "androidbuild" with MS VC++ 16.10 / 16.11 (VS2019)

END.
